This file contains any messages produced by compilers while
running configure, to aid debugging if configure makes a mistake.

It was created by configure, which was
generated by GNU Autoconf 2.69.  Invocation command line was

  $ /root/Downloads/nagios-4.3.2/configure --with-command-group=nagcmd

## --------- ##
## Platform. ##
## --------- ##

hostname = chef.workstation.com
uname -m = x86_64
uname -r = 3.10.0-123.el7.x86_64
uname -s = Linux
uname -v = #1 SMP Mon Jun 30 12:09:22 UTC 2014

/usr/bin/uname -p = x86_64
/bin/uname -X     = unknown

/bin/arch              = x86_64
/usr/bin/arch -k       = unknown
/usr/convex/getsysinfo = unknown
/usr/bin/hostinfo      = unknown
/bin/machine           = unknown
/usr/bin/oslevel       = unknown
/bin/universe          = unknown

PATH: /opt/chefdk/bin
PATH: /root/.chefdk/gem/ruby/2.3.0/bin
PATH: /opt/chefdk/embedded/bin
PATH: /usr/local/sbin
PATH: /usr/local/bin
PATH: /usr/sbin
PATH: /usr/bin
PATH: /root/bin
PATH: /opt/chefdk/gitbin


## ----------- ##
## Core tests. ##
## ----------- ##

configure:2403: checking for a BSD-compatible install
configure:2471: result: /usr/bin/install -c
configure:2488: checking build system type
configure:2502: result: x86_64-pc-linux-gnu
configure:2522: checking host system type
configure:2535: result: x86_64-pc-linux-gnu
configure:2607: checking for gcc
configure:2623: found /usr/bin/gcc
configure:2634: result: gcc
configure:2863: checking for C compiler version
configure:2872: gcc --version >&5
gcc (GCC) 4.8.2 20140120 (Red Hat 4.8.2-16)
Copyright (C) 2013 Free Software Foundation, Inc.
This is free software; see the source for copying conditions.  There is NO
warranty; not even for MERCHANTABILITY or FITNESS FOR A PARTICULAR PURPOSE.

configure:2883: $? = 0
configure:2872: gcc -v >&5
Using built-in specs.
COLLECT_GCC=gcc
COLLECT_LTO_WRAPPER=/usr/libexec/gcc/x86_64-redhat-linux/4.8.2/lto-wrapper
Target: x86_64-redhat-linux
Configured with: ../configure --prefix=/usr --mandir=/usr/share/man --infodir=/usr/share/info --with-bugurl=http://bugzilla.redhat.com/bugzilla --enable-bootstrap --enable-shared --enable-threads=posix --enable-checking=release --with-system-zlib --enable-__cxa_atexit --disable-libunwind-exceptions --enable-gnu-unique-object --enable-linker-build-id --with-linker-hash-style=gnu --enable-languages=c,c++,objc,obj-c++,java,fortran,ada,go,lto --enable-plugin --enable-initfini-array --disable-libgcj --with-isl=/builddir/build/BUILD/gcc-4.8.2-20140120/obj-x86_64-redhat-linux/isl-install --with-cloog=/builddir/build/BUILD/gcc-4.8.2-20140120/obj-x86_64-redhat-linux/cloog-install --enable-gnu-indirect-function --with-tune=generic --with-arch_32=x86-64 --build=x86_64-redhat-linux
Thread model: posix
gcc version 4.8.2 20140120 (Red Hat 4.8.2-16) (GCC) 
configure:2883: $? = 0
configure:2872: gcc -V >&5
gcc: error: unrecognized command line option '-V'
gcc: fatal error: no input files
compilation terminated.
configure:2883: $? = 4
configure:2872: gcc -qversion >&5
gcc: error: unrecognized command line option '-qversion'
gcc: fatal error: no input files
compilation terminated.
configure:2883: $? = 4
configure:2903: checking whether the C compiler works
configure:2925: gcc    conftest.c  >&5
configure:2929: $? = 0
configure:2977: result: yes
configure:2980: checking for C compiler default output file name
configure:2982: result: a.out
configure:2988: checking for suffix of executables
configure:2995: gcc -o conftest    conftest.c  >&5
configure:2999: $? = 0
configure:3021: result: 
configure:3043: checking whether we are cross compiling
configure:3051: gcc -o conftest    conftest.c  >&5
configure:3055: $? = 0
configure:3062: ./conftest
configure:3066: $? = 0
configure:3081: result: no
configure:3086: checking for suffix of object files
configure:3108: gcc -c   conftest.c >&5
configure:3112: $? = 0
configure:3133: result: o
configure:3137: checking whether we are using the GNU C compiler
configure:3156: gcc -c   conftest.c >&5
configure:3156: $? = 0
configure:3165: result: yes
configure:3174: checking whether gcc accepts -g
configure:3194: gcc -c -g  conftest.c >&5
configure:3194: $? = 0
configure:3235: result: yes
configure:3252: checking for gcc option to accept ISO C89
configure:3315: gcc  -c -g -O2  conftest.c >&5
configure:3315: $? = 0
configure:3328: result: none needed
configure:3348: checking whether make sets $(MAKE)
configure:3370: result: yes
configure:3379: checking whether ln -s works
configure:3383: result: yes
configure:3392: checking for strip
configure:3410: found /usr/bin/strip
configure:3423: result: /usr/bin/strip
configure:3438: checking how to run the C preprocessor
configure:3469: gcc -E  conftest.c
configure:3469: $? = 0
configure:3483: gcc -E  conftest.c
conftest.c:9:28: fatal error: ac_nonexistent.h: No such file or directory
 #include <ac_nonexistent.h>
                            ^
compilation terminated.
configure:3483: $? = 1
configure: failed program was:
| /* confdefs.h */
| #define PACKAGE_NAME ""
| #define PACKAGE_TARNAME ""
| #define PACKAGE_VERSION ""
| #define PACKAGE_STRING ""
| #define PACKAGE_BUGREPORT ""
| #define PACKAGE_URL ""
| /* end confdefs.h.  */
| #include <ac_nonexistent.h>
configure:3508: result: gcc -E
configure:3528: gcc -E  conftest.c
configure:3528: $? = 0
configure:3542: gcc -E  conftest.c
conftest.c:9:28: fatal error: ac_nonexistent.h: No such file or directory
 #include <ac_nonexistent.h>
                            ^
compilation terminated.
configure:3542: $? = 1
configure: failed program was:
| /* confdefs.h */
| #define PACKAGE_NAME ""
| #define PACKAGE_TARNAME ""
| #define PACKAGE_VERSION ""
| #define PACKAGE_STRING ""
| #define PACKAGE_BUGREPORT ""
| #define PACKAGE_URL ""
| /* end confdefs.h.  */
| #include <ac_nonexistent.h>
configure:3571: checking for grep that handles long lines and -e
configure:3629: result: /usr/bin/grep
configure:3634: checking for egrep
configure:3696: result: /usr/bin/grep -E
configure:3701: checking for ANSI C header files
configure:3721: gcc -c -g -O2  conftest.c >&5
configure:3721: $? = 0
configure:3794: gcc -o conftest -g -O2   conftest.c  >&5
configure:3794: $? = 0
configure:3794: ./conftest
configure:3794: $? = 0
configure:3805: result: yes
configure:3813: checking whether time.h and sys/time.h may both be included
configure:3833: gcc -c -g -O2  conftest.c >&5
configure:3833: $? = 0
configure:3840: result: yes
configure:3848: checking for sys/wait.h that is POSIX.1 compatible
configure:3874: gcc -c -g -O2  conftest.c >&5
configure:3874: $? = 0
configure:3881: result: yes
configure:3894: checking for sys/types.h
configure:3894: gcc -c -g -O2  conftest.c >&5
configure:3894: $? = 0
configure:3894: result: yes
configure:3894: checking for sys/stat.h
configure:3894: gcc -c -g -O2  conftest.c >&5
configure:3894: $? = 0
configure:3894: result: yes
configure:3894: checking for stdlib.h
configure:3894: gcc -c -g -O2  conftest.c >&5
configure:3894: $? = 0
configure:3894: result: yes
configure:3894: checking for string.h
configure:3894: gcc -c -g -O2  conftest.c >&5
configure:3894: $? = 0
configure:3894: result: yes
configure:3894: checking for memory.h
configure:3894: gcc -c -g -O2  conftest.c >&5
configure:3894: $? = 0
configure:3894: result: yes
configure:3894: checking for strings.h
configure:3894: gcc -c -g -O2  conftest.c >&5
configure:3894: $? = 0
configure:3894: result: yes
configure:3894: checking for inttypes.h
configure:3894: gcc -c -g -O2  conftest.c >&5
configure:3894: $? = 0
configure:3894: result: yes
configure:3894: checking for stdint.h
configure:3894: gcc -c -g -O2  conftest.c >&5
configure:3894: $? = 0
configure:3894: result: yes
configure:3894: checking for unistd.h
configure:3894: gcc -c -g -O2  conftest.c >&5
configure:3894: $? = 0
configure:3894: result: yes
configure:3909: checking arpa/inet.h usability
configure:3909: gcc -c -g -O2  conftest.c >&5
configure:3909: $? = 0
configure:3909: result: yes
configure:3909: checking arpa/inet.h presence
configure:3909: gcc -E  conftest.c
configure:3909: $? = 0
configure:3909: result: yes
configure:3909: checking for arpa/inet.h
configure:3909: result: yes
configure:3909: checking ctype.h usability
configure:3909: gcc -c -g -O2  conftest.c >&5
configure:3909: $? = 0
configure:3909: result: yes
configure:3909: checking ctype.h presence
configure:3909: gcc -E  conftest.c
configure:3909: $? = 0
configure:3909: result: yes
configure:3909: checking for ctype.h
configure:3909: result: yes
configure:3909: checking dirent.h usability
configure:3909: gcc -c -g -O2  conftest.c >&5
configure:3909: $? = 0
configure:3909: result: yes
configure:3909: checking dirent.h presence
configure:3909: gcc -E  conftest.c
configure:3909: $? = 0
configure:3909: result: yes
configure:3909: checking for dirent.h
configure:3909: result: yes
configure:3909: checking errno.h usability
configure:3909: gcc -c -g -O2  conftest.c >&5
configure:3909: $? = 0
configure:3909: result: yes
configure:3909: checking errno.h presence
configure:3909: gcc -E  conftest.c
configure:3909: $? = 0
configure:3909: result: yes
configure:3909: checking for errno.h
configure:3909: result: yes
configure:3909: checking fcntl.h usability
configure:3909: gcc -c -g -O2  conftest.c >&5
configure:3909: $? = 0
configure:3909: result: yes
configure:3909: checking fcntl.h presence
configure:3909: gcc -E  conftest.c
configure:3909: $? = 0
configure:3909: result: yes
configure:3909: checking for fcntl.h
configure:3909: result: yes
configure:3909: checking getopt.h usability
configure:3909: gcc -c -g -O2  conftest.c >&5
configure:3909: $? = 0
configure:3909: result: yes
configure:3909: checking getopt.h presence
configure:3909: gcc -E  conftest.c
configure:3909: $? = 0
configure:3909: result: yes
configure:3909: checking for getopt.h
configure:3909: result: yes
configure:3909: checking grp.h usability
configure:3909: gcc -c -g -O2  conftest.c >&5
configure:3909: $? = 0
configure:3909: result: yes
configure:3909: checking grp.h presence
configure:3909: gcc -E  conftest.c
configure:3909: $? = 0
configure:3909: result: yes
configure:3909: checking for grp.h
configure:3909: result: yes
configure:3922: checking libgen.h usability
configure:3922: gcc -c -g -O2  conftest.c >&5
configure:3922: $? = 0
configure:3922: result: yes
configure:3922: checking libgen.h presence
configure:3922: gcc -E  conftest.c
configure:3922: $? = 0
configure:3922: result: yes
configure:3922: checking for libgen.h
configure:3922: result: yes
configure:3922: checking limits.h usability
configure:3922: gcc -c -g -O2  conftest.c >&5
configure:3922: $? = 0
configure:3922: result: yes
configure:3922: checking limits.h presence
configure:3922: gcc -E  conftest.c
configure:3922: $? = 0
configure:3922: result: yes
configure:3922: checking for limits.h
configure:3922: result: yes
configure:3922: checking math.h usability
configure:3922: gcc -c -g -O2  conftest.c >&5
configure:3922: $? = 0
configure:3922: result: yes
configure:3922: checking math.h presence
configure:3922: gcc -E  conftest.c
configure:3922: $? = 0
configure:3922: result: yes
configure:3922: checking for math.h
configure:3922: result: yes
configure:3922: checking netdb.h usability
configure:3922: gcc -c -g -O2  conftest.c >&5
configure:3922: $? = 0
configure:3922: result: yes
configure:3922: checking netdb.h presence
configure:3922: gcc -E  conftest.c
configure:3922: $? = 0
configure:3922: result: yes
configure:3922: checking for netdb.h
configure:3922: result: yes
configure:3922: checking netinet/in.h usability
configure:3922: gcc -c -g -O2  conftest.c >&5
configure:3922: $? = 0
configure:3922: result: yes
configure:3922: checking netinet/in.h presence
configure:3922: gcc -E  conftest.c
configure:3922: $? = 0
configure:3922: result: yes
configure:3922: checking for netinet/in.h
configure:3922: result: yes
configure:3922: checking pwd.h usability
configure:3922: gcc -c -g -O2  conftest.c >&5
configure:3922: $? = 0
configure:3922: result: yes
configure:3922: checking pwd.h presence
configure:3922: gcc -E  conftest.c
configure:3922: $? = 0
configure:3922: result: yes
configure:3922: checking for pwd.h
configure:3922: result: yes
configure:3922: checking regex.h usability
configure:3922: gcc -c -g -O2  conftest.c >&5
configure:3922: $? = 0
configure:3922: result: yes
configure:3922: checking regex.h presence
configure:3922: gcc -E  conftest.c
configure:3922: $? = 0
configure:3922: result: yes
configure:3922: checking for regex.h
configure:3922: result: yes
configure:3935: checking signal.h usability
configure:3935: gcc -c -g -O2  conftest.c >&5
configure:3935: $? = 0
configure:3935: result: yes
configure:3935: checking signal.h presence
configure:3935: gcc -E  conftest.c
configure:3935: $? = 0
configure:3935: result: yes
configure:3935: checking for signal.h
configure:3935: result: yes
configure:3935: checking socket.h usability
configure:3935: gcc -c -g -O2  conftest.c >&5
conftest.c:69:20: fatal error: socket.h: No such file or directory
 #include <socket.h>
                    ^
compilation terminated.
configure:3935: $? = 1
configure: failed program was:
| /* confdefs.h */
| #define PACKAGE_NAME ""
| #define PACKAGE_TARNAME ""
| #define PACKAGE_VERSION ""
| #define PACKAGE_STRING ""
| #define PACKAGE_BUGREPORT ""
| #define PACKAGE_URL ""
| #define STDC_HEADERS 1
| #define TIME_WITH_SYS_TIME 1
| #define HAVE_SYS_WAIT_H 1
| #define HAVE_SYS_TYPES_H 1
| #define HAVE_SYS_STAT_H 1
| #define HAVE_STDLIB_H 1
| #define HAVE_STRING_H 1
| #define HAVE_MEMORY_H 1
| #define HAVE_STRINGS_H 1
| #define HAVE_INTTYPES_H 1
| #define HAVE_STDINT_H 1
| #define HAVE_UNISTD_H 1
| #define HAVE_ARPA_INET_H 1
| #define HAVE_CTYPE_H 1
| #define HAVE_DIRENT_H 1
| #define HAVE_ERRNO_H 1
| #define HAVE_FCNTL_H 1
| #define HAVE_GETOPT_H 1
| #define HAVE_GRP_H 1
| #define HAVE_LIBGEN_H 1
| #define HAVE_LIMITS_H 1
| #define HAVE_MATH_H 1
| #define HAVE_NETDB_H 1
| #define HAVE_NETINET_IN_H 1
| #define HAVE_PWD_H 1
| #define HAVE_REGEX_H 1
| #define HAVE_SIGNAL_H 1
| /* end confdefs.h.  */
| #include <stdio.h>
| #ifdef HAVE_SYS_TYPES_H
| # include <sys/types.h>
| #endif
| #ifdef HAVE_SYS_STAT_H
| # include <sys/stat.h>
| #endif
| #ifdef STDC_HEADERS
| # include <stdlib.h>
| # include <stddef.h>
| #else
| # ifdef HAVE_STDLIB_H
| #  include <stdlib.h>
| # endif
| #endif
| #ifdef HAVE_STRING_H
| # if !defined STDC_HEADERS && defined HAVE_MEMORY_H
| #  include <memory.h>
| # endif
| # include <string.h>
| #endif
| #ifdef HAVE_STRINGS_H
| # include <strings.h>
| #endif
| #ifdef HAVE_INTTYPES_H
| # include <inttypes.h>
| #endif
| #ifdef HAVE_STDINT_H
| # include <stdint.h>
| #endif
| #ifdef HAVE_UNISTD_H
| # include <unistd.h>
| #endif
| #include <socket.h>
configure:3935: result: no
configure:3935: checking socket.h presence
configure:3935: gcc -E  conftest.c
conftest.c:36:20: fatal error: socket.h: No such file or directory
 #include <socket.h>
                    ^
compilation terminated.
configure:3935: $? = 1
configure: failed program was:
| /* confdefs.h */
| #define PACKAGE_NAME ""
| #define PACKAGE_TARNAME ""
| #define PACKAGE_VERSION ""
| #define PACKAGE_STRING ""
| #define PACKAGE_BUGREPORT ""
| #define PACKAGE_URL ""
| #define STDC_HEADERS 1
| #define TIME_WITH_SYS_TIME 1
| #define HAVE_SYS_WAIT_H 1
| #define HAVE_SYS_TYPES_H 1
| #define HAVE_SYS_STAT_H 1
| #define HAVE_STDLIB_H 1
| #define HAVE_STRING_H 1
| #define HAVE_MEMORY_H 1
| #define HAVE_STRINGS_H 1
| #define HAVE_INTTYPES_H 1
| #define HAVE_STDINT_H 1
| #define HAVE_UNISTD_H 1
| #define HAVE_ARPA_INET_H 1
| #define HAVE_CTYPE_H 1
| #define HAVE_DIRENT_H 1
| #define HAVE_ERRNO_H 1
| #define HAVE_FCNTL_H 1
| #define HAVE_GETOPT_H 1
| #define HAVE_GRP_H 1
| #define HAVE_LIBGEN_H 1
| #define HAVE_LIMITS_H 1
| #define HAVE_MATH_H 1
| #define HAVE_NETDB_H 1
| #define HAVE_NETINET_IN_H 1
| #define HAVE_PWD_H 1
| #define HAVE_REGEX_H 1
| #define HAVE_SIGNAL_H 1
| /* end confdefs.h.  */
| #include <socket.h>
configure:3935: result: no
configure:3935: checking for socket.h
configure:3935: result: no
configure:3935: checking stdarg.h usability
configure:3935: gcc -c -g -O2  conftest.c >&5
configure:3935: $? = 0
configure:3935: result: yes
configure:3935: checking stdarg.h presence
configure:3935: gcc -E  conftest.c
configure:3935: $? = 0
configure:3935: result: yes
configure:3935: checking for stdarg.h
configure:3935: result: yes
configure:3935: checking for string.h
configure:3935: result: yes
configure:3935: checking for strings.h
configure:3935: result: yes
configure:3935: checking sys/loadavg.h usability
configure:3935: gcc -c -g -O2  conftest.c >&5
conftest.c:72:25: fatal error: sys/loadavg.h: No such file or directory
 #include <sys/loadavg.h>
                         ^
compilation terminated.
configure:3935: $? = 1
configure: failed program was:
| /* confdefs.h */
| #define PACKAGE_NAME ""
| #define PACKAGE_TARNAME ""
| #define PACKAGE_VERSION ""
| #define PACKAGE_STRING ""
| #define PACKAGE_BUGREPORT ""
| #define PACKAGE_URL ""
| #define STDC_HEADERS 1
| #define TIME_WITH_SYS_TIME 1
| #define HAVE_SYS_WAIT_H 1
| #define HAVE_SYS_TYPES_H 1
| #define HAVE_SYS_STAT_H 1
| #define HAVE_STDLIB_H 1
| #define HAVE_STRING_H 1
| #define HAVE_MEMORY_H 1
| #define HAVE_STRINGS_H 1
| #define HAVE_INTTYPES_H 1
| #define HAVE_STDINT_H 1
| #define HAVE_UNISTD_H 1
| #define HAVE_ARPA_INET_H 1
| #define HAVE_CTYPE_H 1
| #define HAVE_DIRENT_H 1
| #define HAVE_ERRNO_H 1
| #define HAVE_FCNTL_H 1
| #define HAVE_GETOPT_H 1
| #define HAVE_GRP_H 1
| #define HAVE_LIBGEN_H 1
| #define HAVE_LIMITS_H 1
| #define HAVE_MATH_H 1
| #define HAVE_NETDB_H 1
| #define HAVE_NETINET_IN_H 1
| #define HAVE_PWD_H 1
| #define HAVE_REGEX_H 1
| #define HAVE_SIGNAL_H 1
| #define HAVE_STDARG_H 1
| #define HAVE_STRING_H 1
| #define HAVE_STRINGS_H 1
| /* end confdefs.h.  */
| #include <stdio.h>
| #ifdef HAVE_SYS_TYPES_H
| # include <sys/types.h>
| #endif
| #ifdef HAVE_SYS_STAT_H
| # include <sys/stat.h>
| #endif
| #ifdef STDC_HEADERS
| # include <stdlib.h>
| # include <stddef.h>
| #else
| # ifdef HAVE_STDLIB_H
| #  include <stdlib.h>
| # endif
| #endif
| #ifdef HAVE_STRING_H
| # if !defined STDC_HEADERS && defined HAVE_MEMORY_H
| #  include <memory.h>
| # endif
| # include <string.h>
| #endif
| #ifdef HAVE_STRINGS_H
| # include <strings.h>
| #endif
| #ifdef HAVE_INTTYPES_H
| # include <inttypes.h>
| #endif
| #ifdef HAVE_STDINT_H
| # include <stdint.h>
| #endif
| #ifdef HAVE_UNISTD_H
| # include <unistd.h>
| #endif
| #include <sys/loadavg.h>
configure:3935: result: no
configure:3935: checking sys/loadavg.h presence
configure:3935: gcc -E  conftest.c
conftest.c:39:25: fatal error: sys/loadavg.h: No such file or directory
 #include <sys/loadavg.h>
                         ^
compilation terminated.
configure:3935: $? = 1
configure: failed program was:
| /* confdefs.h */
| #define PACKAGE_NAME ""
| #define PACKAGE_TARNAME ""
| #define PACKAGE_VERSION ""
| #define PACKAGE_STRING ""
| #define PACKAGE_BUGREPORT ""
| #define PACKAGE_URL ""
| #define STDC_HEADERS 1
| #define TIME_WITH_SYS_TIME 1
| #define HAVE_SYS_WAIT_H 1
| #define HAVE_SYS_TYPES_H 1
| #define HAVE_SYS_STAT_H 1
| #define HAVE_STDLIB_H 1
| #define HAVE_STRING_H 1
| #define HAVE_MEMORY_H 1
| #define HAVE_STRINGS_H 1
| #define HAVE_INTTYPES_H 1
| #define HAVE_STDINT_H 1
| #define HAVE_UNISTD_H 1
| #define HAVE_ARPA_INET_H 1
| #define HAVE_CTYPE_H 1
| #define HAVE_DIRENT_H 1
| #define HAVE_ERRNO_H 1
| #define HAVE_FCNTL_H 1
| #define HAVE_GETOPT_H 1
| #define HAVE_GRP_H 1
| #define HAVE_LIBGEN_H 1
| #define HAVE_LIMITS_H 1
| #define HAVE_MATH_H 1
| #define HAVE_NETDB_H 1
| #define HAVE_NETINET_IN_H 1
| #define HAVE_PWD_H 1
| #define HAVE_REGEX_H 1
| #define HAVE_SIGNAL_H 1
| #define HAVE_STDARG_H 1
| #define HAVE_STRING_H 1
| #define HAVE_STRINGS_H 1
| /* end confdefs.h.  */
| #include <sys/loadavg.h>
configure:3935: result: no
configure:3935: checking for sys/loadavg.h
configure:3935: result: no
configure:3948: checking sys/mman.h usability
configure:3948: gcc -c -g -O2  conftest.c >&5
configure:3948: $? = 0
configure:3948: result: yes
configure:3948: checking sys/mman.h presence
configure:3948: gcc -E  conftest.c
configure:3948: $? = 0
configure:3948: result: yes
configure:3948: checking for sys/mman.h
configure:3948: result: yes
configure:3948: checking for sys/types.h
configure:3948: result: yes
configure:3948: checking sys/time.h usability
configure:3948: gcc -c -g -O2  conftest.c >&5
configure:3948: $? = 0
configure:3948: result: yes
configure:3948: checking sys/time.h presence
configure:3948: gcc -E  conftest.c
configure:3948: $? = 0
configure:3948: result: yes
configure:3948: checking for sys/time.h
configure:3948: result: yes
configure:3948: checking sys/resource.h usability
configure:3948: gcc -c -g -O2  conftest.c >&5
configure:3948: $? = 0
configure:3948: result: yes
configure:3948: checking sys/resource.h presence
configure:3948: gcc -E  conftest.c
configure:3948: $? = 0
configure:3948: result: yes
configure:3948: checking for sys/resource.h
configure:3948: result: yes
configure:3948: checking for sys/wait.h
configure:3948: result: yes
configure:3961: checking sys/socket.h usability
configure:3961: gcc -c -g -O2  conftest.c >&5
configure:3961: $? = 0
configure:3961: result: yes
configure:3961: checking sys/socket.h presence
configure:3961: gcc -E  conftest.c
configure:3961: $? = 0
configure:3961: result: yes
configure:3961: checking for sys/socket.h
configure:3961: result: yes
configure:3961: checking for sys/stat.h
configure:3961: result: yes
configure:3961: checking sys/timeb.h usability
configure:3961: gcc -c -g -O2  conftest.c >&5
configure:3961: $? = 0
configure:3961: result: yes
configure:3961: checking sys/timeb.h presence
configure:3961: gcc -E  conftest.c
configure:3961: $? = 0
configure:3961: result: yes
configure:3961: checking for sys/timeb.h
configure:3961: result: yes
configure:3961: checking sys/un.h usability
configure:3961: gcc -c -g -O2  conftest.c >&5
configure:3961: $? = 0
configure:3961: result: yes
configure:3961: checking sys/un.h presence
configure:3961: gcc -E  conftest.c
configure:3961: $? = 0
configure:3961: result: yes
configure:3961: checking for sys/un.h
configure:3961: result: yes
configure:3961: checking sys/ipc.h usability
configure:3961: gcc -c -g -O2  conftest.c >&5
configure:3961: $? = 0
configure:3961: result: yes
configure:3961: checking sys/ipc.h presence
configure:3961: gcc -E  conftest.c
configure:3961: $? = 0
configure:3961: result: yes
configure:3961: checking for sys/ipc.h
configure:3961: result: yes
configure:3974: checking sys/msg.h usability
configure:3974: gcc -c -g -O2  conftest.c >&5
configure:3974: $? = 0
configure:3974: result: yes
configure:3974: checking sys/msg.h presence
configure:3974: gcc -E  conftest.c
configure:3974: $? = 0
configure:3974: result: yes
configure:3974: checking for sys/msg.h
configure:3974: result: yes
configure:3974: checking sys/poll.h usability
configure:3974: gcc -c -g -O2  conftest.c >&5
configure:3974: $? = 0
configure:3974: result: yes
configure:3974: checking sys/poll.h presence
configure:3974: gcc -E  conftest.c
configure:3974: $? = 0
configure:3974: result: yes
configure:3974: checking for sys/poll.h
configure:3974: result: yes
configure:3974: checking syslog.h usability
configure:3974: gcc -c -g -O2  conftest.c >&5
configure:3974: $? = 0
configure:3974: result: yes
configure:3974: checking syslog.h presence
configure:3974: gcc -E  conftest.c
configure:3974: $? = 0
configure:3974: result: yes
configure:3974: checking for syslog.h
configure:3974: result: yes
configure:3974: checking uio.h usability
configure:3974: gcc -c -g -O2  conftest.c >&5
conftest.c:85:17: fatal error: uio.h: No such file or directory
 #include <uio.h>
                 ^
compilation terminated.
configure:3974: $? = 1
configure: failed program was:
| /* confdefs.h */
| #define PACKAGE_NAME ""
| #define PACKAGE_TARNAME ""
| #define PACKAGE_VERSION ""
| #define PACKAGE_STRING ""
| #define PACKAGE_BUGREPORT ""
| #define PACKAGE_URL ""
| #define STDC_HEADERS 1
| #define TIME_WITH_SYS_TIME 1
| #define HAVE_SYS_WAIT_H 1
| #define HAVE_SYS_TYPES_H 1
| #define HAVE_SYS_STAT_H 1
| #define HAVE_STDLIB_H 1
| #define HAVE_STRING_H 1
| #define HAVE_MEMORY_H 1
| #define HAVE_STRINGS_H 1
| #define HAVE_INTTYPES_H 1
| #define HAVE_STDINT_H 1
| #define HAVE_UNISTD_H 1
| #define HAVE_ARPA_INET_H 1
| #define HAVE_CTYPE_H 1
| #define HAVE_DIRENT_H 1
| #define HAVE_ERRNO_H 1
| #define HAVE_FCNTL_H 1
| #define HAVE_GETOPT_H 1
| #define HAVE_GRP_H 1
| #define HAVE_LIBGEN_H 1
| #define HAVE_LIMITS_H 1
| #define HAVE_MATH_H 1
| #define HAVE_NETDB_H 1
| #define HAVE_NETINET_IN_H 1
| #define HAVE_PWD_H 1
| #define HAVE_REGEX_H 1
| #define HAVE_SIGNAL_H 1
| #define HAVE_STDARG_H 1
| #define HAVE_STRING_H 1
| #define HAVE_STRINGS_H 1
| #define HAVE_SYS_MMAN_H 1
| #define HAVE_SYS_TYPES_H 1
| #define HAVE_SYS_TIME_H 1
| #define HAVE_SYS_RESOURCE_H 1
| #define HAVE_SYS_WAIT_H 1
| #define HAVE_SYS_SOCKET_H 1
| #define HAVE_SYS_STAT_H 1
| #define HAVE_SYS_TIMEB_H 1
| #define HAVE_SYS_UN_H 1
| #define HAVE_SYS_IPC_H 1
| #define HAVE_SYS_MSG_H 1
| #define HAVE_SYS_POLL_H 1
| #define HAVE_SYSLOG_H 1
| /* end confdefs.h.  */
| #include <stdio.h>
| #ifdef HAVE_SYS_TYPES_H
| # include <sys/types.h>
| #endif
| #ifdef HAVE_SYS_STAT_H
| # include <sys/stat.h>
| #endif
| #ifdef STDC_HEADERS
| # include <stdlib.h>
| # include <stddef.h>
| #else
| # ifdef HAVE_STDLIB_H
| #  include <stdlib.h>
| # endif
| #endif
| #ifdef HAVE_STRING_H
| # if !defined STDC_HEADERS && defined HAVE_MEMORY_H
| #  include <memory.h>
| # endif
| # include <string.h>
| #endif
| #ifdef HAVE_STRINGS_H
| # include <strings.h>
| #endif
| #ifdef HAVE_INTTYPES_H
| # include <inttypes.h>
| #endif
| #ifdef HAVE_STDINT_H
| # include <stdint.h>
| #endif
| #ifdef HAVE_UNISTD_H
| # include <unistd.h>
| #endif
| #include <uio.h>
configure:3974: result: no
configure:3974: checking uio.h presence
configure:3974: gcc -E  conftest.c
conftest.c:52:17: fatal error: uio.h: No such file or directory
 #include <uio.h>
                 ^
compilation terminated.
configure:3974: $? = 1
configure: failed program was:
| /* confdefs.h */
| #define PACKAGE_NAME ""
| #define PACKAGE_TARNAME ""
| #define PACKAGE_VERSION ""
| #define PACKAGE_STRING ""
| #define PACKAGE_BUGREPORT ""
| #define PACKAGE_URL ""
| #define STDC_HEADERS 1
| #define TIME_WITH_SYS_TIME 1
| #define HAVE_SYS_WAIT_H 1
| #define HAVE_SYS_TYPES_H 1
| #define HAVE_SYS_STAT_H 1
| #define HAVE_STDLIB_H 1
| #define HAVE_STRING_H 1
| #define HAVE_MEMORY_H 1
| #define HAVE_STRINGS_H 1
| #define HAVE_INTTYPES_H 1
| #define HAVE_STDINT_H 1
| #define HAVE_UNISTD_H 1
| #define HAVE_ARPA_INET_H 1
| #define HAVE_CTYPE_H 1
| #define HAVE_DIRENT_H 1
| #define HAVE_ERRNO_H 1
| #define HAVE_FCNTL_H 1
| #define HAVE_GETOPT_H 1
| #define HAVE_GRP_H 1
| #define HAVE_LIBGEN_H 1
| #define HAVE_LIMITS_H 1
| #define HAVE_MATH_H 1
| #define HAVE_NETDB_H 1
| #define HAVE_NETINET_IN_H 1
| #define HAVE_PWD_H 1
| #define HAVE_REGEX_H 1
| #define HAVE_SIGNAL_H 1
| #define HAVE_STDARG_H 1
| #define HAVE_STRING_H 1
| #define HAVE_STRINGS_H 1
| #define HAVE_SYS_MMAN_H 1
| #define HAVE_SYS_TYPES_H 1
| #define HAVE_SYS_TIME_H 1
| #define HAVE_SYS_RESOURCE_H 1
| #define HAVE_SYS_WAIT_H 1
| #define HAVE_SYS_SOCKET_H 1
| #define HAVE_SYS_STAT_H 1
| #define HAVE_SYS_TIMEB_H 1
| #define HAVE_SYS_UN_H 1
| #define HAVE_SYS_IPC_H 1
| #define HAVE_SYS_MSG_H 1
| #define HAVE_SYS_POLL_H 1
| #define HAVE_SYSLOG_H 1
| /* end confdefs.h.  */
| #include <uio.h>
configure:3974: result: no
configure:3974: checking for uio.h
configure:3974: result: no
configure:3974: checking for unistd.h
configure:3974: result: yes
configure:3974: checking locale.h usability
configure:3974: gcc -c -g -O2  conftest.c >&5
configure:3974: $? = 0
configure:3974: result: yes
configure:3974: checking locale.h presence
configure:3974: gcc -E  conftest.c
configure:3974: $? = 0
configure:3974: result: yes
configure:3974: checking for locale.h
configure:3974: result: yes
configure:3974: checking wchar.h usability
configure:3974: gcc -c -g -O2  conftest.c >&5
configure:3974: $? = 0
configure:3974: result: yes
configure:3974: checking wchar.h presence
configure:3974: gcc -E  conftest.c
configure:3974: $? = 0
configure:3974: result: yes
configure:3974: checking for wchar.h
configure:3974: result: yes
configure:3986: checking sys/prctl.h usability
configure:3986: gcc -c -g -O2  conftest.c >&5
configure:3986: $? = 0
configure:3986: result: yes
configure:3986: checking sys/prctl.h presence
configure:3986: gcc -E  conftest.c
configure:3986: $? = 0
configure:3986: result: yes
configure:3986: checking for sys/prctl.h
configure:3986: result: yes
configure:3997: checking for an ANSI C-conforming const
configure:4063: gcc -c -g -O2  conftest.c >&5
configure:4063: $? = 0
configure:4070: result: yes
configure:4078: checking whether struct tm is in sys/time.h or time.h
configure:4098: gcc -c -g -O2  conftest.c >&5
configure:4098: $? = 0
configure:4105: result: time.h
configure:4113: checking for struct tm.tm_zone
configure:4113: gcc -c -g -O2  conftest.c >&5
configure:4113: $? = 0
configure:4113: result: yes
configure:4180: checking for mode_t
configure:4180: gcc -c -g -O2  conftest.c >&5
configure:4180: $? = 0
configure:4180: gcc -c -g -O2  conftest.c >&5
conftest.c: In function 'main':
conftest.c:94:21: error: expected expression before ')' token
 if (sizeof ((mode_t)))
                     ^
configure:4180: $? = 1
configure: failed program was:
| /* confdefs.h */
| #define PACKAGE_NAME ""
| #define PACKAGE_TARNAME ""
| #define PACKAGE_VERSION ""
| #define PACKAGE_STRING ""
| #define PACKAGE_BUGREPORT ""
| #define PACKAGE_URL ""
| #define STDC_HEADERS 1
| #define TIME_WITH_SYS_TIME 1
| #define HAVE_SYS_WAIT_H 1
| #define HAVE_SYS_TYPES_H 1
| #define HAVE_SYS_STAT_H 1
| #define HAVE_STDLIB_H 1
| #define HAVE_STRING_H 1
| #define HAVE_MEMORY_H 1
| #define HAVE_STRINGS_H 1
| #define HAVE_INTTYPES_H 1
| #define HAVE_STDINT_H 1
| #define HAVE_UNISTD_H 1
| #define HAVE_ARPA_INET_H 1
| #define HAVE_CTYPE_H 1
| #define HAVE_DIRENT_H 1
| #define HAVE_ERRNO_H 1
| #define HAVE_FCNTL_H 1
| #define HAVE_GETOPT_H 1
| #define HAVE_GRP_H 1
| #define HAVE_LIBGEN_H 1
| #define HAVE_LIMITS_H 1
| #define HAVE_MATH_H 1
| #define HAVE_NETDB_H 1
| #define HAVE_NETINET_IN_H 1
| #define HAVE_PWD_H 1
| #define HAVE_REGEX_H 1
| #define HAVE_SIGNAL_H 1
| #define HAVE_STDARG_H 1
| #define HAVE_STRING_H 1
| #define HAVE_STRINGS_H 1
| #define HAVE_SYS_MMAN_H 1
| #define HAVE_SYS_TYPES_H 1
| #define HAVE_SYS_TIME_H 1
| #define HAVE_SYS_RESOURCE_H 1
| #define HAVE_SYS_WAIT_H 1
| #define HAVE_SYS_SOCKET_H 1
| #define HAVE_SYS_STAT_H 1
| #define HAVE_SYS_TIMEB_H 1
| #define HAVE_SYS_UN_H 1
| #define HAVE_SYS_IPC_H 1
| #define HAVE_SYS_MSG_H 1
| #define HAVE_SYS_POLL_H 1
| #define HAVE_SYSLOG_H 1
| #define HAVE_UNISTD_H 1
| #define HAVE_LOCALE_H 1
| #define HAVE_WCHAR_H 1
| #define HAVE_SYS_PRCTL_H 1
| #define HAVE_STRUCT_TM_TM_ZONE 1
| #define HAVE_TM_ZONE 1
| /* end confdefs.h.  */
| #include <stdio.h>
| #ifdef HAVE_SYS_TYPES_H
| # include <sys/types.h>
| #endif
| #ifdef HAVE_SYS_STAT_H
| # include <sys/stat.h>
| #endif
| #ifdef STDC_HEADERS
| # include <stdlib.h>
| # include <stddef.h>
| #else
| # ifdef HAVE_STDLIB_H
| #  include <stdlib.h>
| # endif
| #endif
| #ifdef HAVE_STRING_H
| # if !defined STDC_HEADERS && defined HAVE_MEMORY_H
| #  include <memory.h>
| # endif
| # include <string.h>
| #endif
| #ifdef HAVE_STRINGS_H
| # include <strings.h>
| #endif
| #ifdef HAVE_INTTYPES_H
| # include <inttypes.h>
| #endif
| #ifdef HAVE_STDINT_H
| # include <stdint.h>
| #endif
| #ifdef HAVE_UNISTD_H
| # include <unistd.h>
| #endif
| int
| main ()
| {
| if (sizeof ((mode_t)))
| 	    return 0;
|   ;
|   return 0;
| }
configure:4180: result: yes
configure:4191: checking for pid_t
configure:4191: gcc -c -g -O2  conftest.c >&5
configure:4191: $? = 0
configure:4191: gcc -c -g -O2  conftest.c >&5
conftest.c: In function 'main':
conftest.c:94:20: error: expected expression before ')' token
 if (sizeof ((pid_t)))
                    ^
configure:4191: $? = 1
configure: failed program was:
| /* confdefs.h */
| #define PACKAGE_NAME ""
| #define PACKAGE_TARNAME ""
| #define PACKAGE_VERSION ""
| #define PACKAGE_STRING ""
| #define PACKAGE_BUGREPORT ""
| #define PACKAGE_URL ""
| #define STDC_HEADERS 1
| #define TIME_WITH_SYS_TIME 1
| #define HAVE_SYS_WAIT_H 1
| #define HAVE_SYS_TYPES_H 1
| #define HAVE_SYS_STAT_H 1
| #define HAVE_STDLIB_H 1
| #define HAVE_STRING_H 1
| #define HAVE_MEMORY_H 1
| #define HAVE_STRINGS_H 1
| #define HAVE_INTTYPES_H 1
| #define HAVE_STDINT_H 1
| #define HAVE_UNISTD_H 1
| #define HAVE_ARPA_INET_H 1
| #define HAVE_CTYPE_H 1
| #define HAVE_DIRENT_H 1
| #define HAVE_ERRNO_H 1
| #define HAVE_FCNTL_H 1
| #define HAVE_GETOPT_H 1
| #define HAVE_GRP_H 1
| #define HAVE_LIBGEN_H 1
| #define HAVE_LIMITS_H 1
| #define HAVE_MATH_H 1
| #define HAVE_NETDB_H 1
| #define HAVE_NETINET_IN_H 1
| #define HAVE_PWD_H 1
| #define HAVE_REGEX_H 1
| #define HAVE_SIGNAL_H 1
| #define HAVE_STDARG_H 1
| #define HAVE_STRING_H 1
| #define HAVE_STRINGS_H 1
| #define HAVE_SYS_MMAN_H 1
| #define HAVE_SYS_TYPES_H 1
| #define HAVE_SYS_TIME_H 1
| #define HAVE_SYS_RESOURCE_H 1
| #define HAVE_SYS_WAIT_H 1
| #define HAVE_SYS_SOCKET_H 1
| #define HAVE_SYS_STAT_H 1
| #define HAVE_SYS_TIMEB_H 1
| #define HAVE_SYS_UN_H 1
| #define HAVE_SYS_IPC_H 1
| #define HAVE_SYS_MSG_H 1
| #define HAVE_SYS_POLL_H 1
| #define HAVE_SYSLOG_H 1
| #define HAVE_UNISTD_H 1
| #define HAVE_LOCALE_H 1
| #define HAVE_WCHAR_H 1
| #define HAVE_SYS_PRCTL_H 1
| #define HAVE_STRUCT_TM_TM_ZONE 1
| #define HAVE_TM_ZONE 1
| /* end confdefs.h.  */
| #include <stdio.h>
| #ifdef HAVE_SYS_TYPES_H
| # include <sys/types.h>
| #endif
| #ifdef HAVE_SYS_STAT_H
| # include <sys/stat.h>
| #endif
| #ifdef STDC_HEADERS
| # include <stdlib.h>
| # include <stddef.h>
| #else
| # ifdef HAVE_STDLIB_H
| #  include <stdlib.h>
| # endif
| #endif
| #ifdef HAVE_STRING_H
| # if !defined STDC_HEADERS && defined HAVE_MEMORY_H
| #  include <memory.h>
| # endif
| # include <string.h>
| #endif
| #ifdef HAVE_STRINGS_H
| # include <strings.h>
| #endif
| #ifdef HAVE_INTTYPES_H
| # include <inttypes.h>
| #endif
| #ifdef HAVE_STDINT_H
| # include <stdint.h>
| #endif
| #ifdef HAVE_UNISTD_H
| # include <unistd.h>
| #endif
| int
| main ()
| {
| if (sizeof ((pid_t)))
| 	    return 0;
|   ;
|   return 0;
| }
configure:4191: result: yes
configure:4202: checking for size_t
configure:4202: gcc -c -g -O2  conftest.c >&5
configure:4202: $? = 0
configure:4202: gcc -c -g -O2  conftest.c >&5
conftest.c: In function 'main':
conftest.c:94:21: error: expected expression before ')' token
 if (sizeof ((size_t)))
                     ^
configure:4202: $? = 1
configure: failed program was:
| /* confdefs.h */
| #define PACKAGE_NAME ""
| #define PACKAGE_TARNAME ""
| #define PACKAGE_VERSION ""
| #define PACKAGE_STRING ""
| #define PACKAGE_BUGREPORT ""
| #define PACKAGE_URL ""
| #define STDC_HEADERS 1
| #define TIME_WITH_SYS_TIME 1
| #define HAVE_SYS_WAIT_H 1
| #define HAVE_SYS_TYPES_H 1
| #define HAVE_SYS_STAT_H 1
| #define HAVE_STDLIB_H 1
| #define HAVE_STRING_H 1
| #define HAVE_MEMORY_H 1
| #define HAVE_STRINGS_H 1
| #define HAVE_INTTYPES_H 1
| #define HAVE_STDINT_H 1
| #define HAVE_UNISTD_H 1
| #define HAVE_ARPA_INET_H 1
| #define HAVE_CTYPE_H 1
| #define HAVE_DIRENT_H 1
| #define HAVE_ERRNO_H 1
| #define HAVE_FCNTL_H 1
| #define HAVE_GETOPT_H 1
| #define HAVE_GRP_H 1
| #define HAVE_LIBGEN_H 1
| #define HAVE_LIMITS_H 1
| #define HAVE_MATH_H 1
| #define HAVE_NETDB_H 1
| #define HAVE_NETINET_IN_H 1
| #define HAVE_PWD_H 1
| #define HAVE_REGEX_H 1
| #define HAVE_SIGNAL_H 1
| #define HAVE_STDARG_H 1
| #define HAVE_STRING_H 1
| #define HAVE_STRINGS_H 1
| #define HAVE_SYS_MMAN_H 1
| #define HAVE_SYS_TYPES_H 1
| #define HAVE_SYS_TIME_H 1
| #define HAVE_SYS_RESOURCE_H 1
| #define HAVE_SYS_WAIT_H 1
| #define HAVE_SYS_SOCKET_H 1
| #define HAVE_SYS_STAT_H 1
| #define HAVE_SYS_TIMEB_H 1
| #define HAVE_SYS_UN_H 1
| #define HAVE_SYS_IPC_H 1
| #define HAVE_SYS_MSG_H 1
| #define HAVE_SYS_POLL_H 1
| #define HAVE_SYSLOG_H 1
| #define HAVE_UNISTD_H 1
| #define HAVE_LOCALE_H 1
| #define HAVE_WCHAR_H 1
| #define HAVE_SYS_PRCTL_H 1
| #define HAVE_STRUCT_TM_TM_ZONE 1
| #define HAVE_TM_ZONE 1
| /* end confdefs.h.  */
| #include <stdio.h>
| #ifdef HAVE_SYS_TYPES_H
| # include <sys/types.h>
| #endif
| #ifdef HAVE_SYS_STAT_H
| # include <sys/stat.h>
| #endif
| #ifdef STDC_HEADERS
| # include <stdlib.h>
| # include <stddef.h>
| #else
| # ifdef HAVE_STDLIB_H
| #  include <stdlib.h>
| # endif
| #endif
| #ifdef HAVE_STRING_H
| # if !defined STDC_HEADERS && defined HAVE_MEMORY_H
| #  include <memory.h>
| # endif
| # include <string.h>
| #endif
| #ifdef HAVE_STRINGS_H
| # include <strings.h>
| #endif
| #ifdef HAVE_INTTYPES_H
| # include <inttypes.h>
| #endif
| #ifdef HAVE_STDINT_H
| # include <stdint.h>
| #endif
| #ifdef HAVE_UNISTD_H
| # include <unistd.h>
| #endif
| int
| main ()
| {
| if (sizeof ((size_t)))
| 	    return 0;
|   ;
|   return 0;
| }
configure:4202: result: yes
configure:4213: checking return type of signal handlers
configure:4231: gcc -c -g -O2  conftest.c >&5
conftest.c: In function 'main':
conftest.c:64:1: error: void value not ignored as it ought to be
 return *(signal (0, 0)) (0) == 1;
 ^
configure:4231: $? = 1
configure: failed program was:
| /* confdefs.h */
| #define PACKAGE_NAME ""
| #define PACKAGE_TARNAME ""
| #define PACKAGE_VERSION ""
| #define PACKAGE_STRING ""
| #define PACKAGE_BUGREPORT ""
| #define PACKAGE_URL ""
| #define STDC_HEADERS 1
| #define TIME_WITH_SYS_TIME 1
| #define HAVE_SYS_WAIT_H 1
| #define HAVE_SYS_TYPES_H 1
| #define HAVE_SYS_STAT_H 1
| #define HAVE_STDLIB_H 1
| #define HAVE_STRING_H 1
| #define HAVE_MEMORY_H 1
| #define HAVE_STRINGS_H 1
| #define HAVE_INTTYPES_H 1
| #define HAVE_STDINT_H 1
| #define HAVE_UNISTD_H 1
| #define HAVE_ARPA_INET_H 1
| #define HAVE_CTYPE_H 1
| #define HAVE_DIRENT_H 1
| #define HAVE_ERRNO_H 1
| #define HAVE_FCNTL_H 1
| #define HAVE_GETOPT_H 1
| #define HAVE_GRP_H 1
| #define HAVE_LIBGEN_H 1
| #define HAVE_LIMITS_H 1
| #define HAVE_MATH_H 1
| #define HAVE_NETDB_H 1
| #define HAVE_NETINET_IN_H 1
| #define HAVE_PWD_H 1
| #define HAVE_REGEX_H 1
| #define HAVE_SIGNAL_H 1
| #define HAVE_STDARG_H 1
| #define HAVE_STRING_H 1
| #define HAVE_STRINGS_H 1
| #define HAVE_SYS_MMAN_H 1
| #define HAVE_SYS_TYPES_H 1
| #define HAVE_SYS_TIME_H 1
| #define HAVE_SYS_RESOURCE_H 1
| #define HAVE_SYS_WAIT_H 1
| #define HAVE_SYS_SOCKET_H 1
| #define HAVE_SYS_STAT_H 1
| #define HAVE_SYS_TIMEB_H 1
| #define HAVE_SYS_UN_H 1
| #define HAVE_SYS_IPC_H 1
| #define HAVE_SYS_MSG_H 1
| #define HAVE_SYS_POLL_H 1
| #define HAVE_SYSLOG_H 1
| #define HAVE_UNISTD_H 1
| #define HAVE_LOCALE_H 1
| #define HAVE_WCHAR_H 1
| #define HAVE_SYS_PRCTL_H 1
| #define HAVE_STRUCT_TM_TM_ZONE 1
| #define HAVE_TM_ZONE 1
| /* end confdefs.h.  */
| #include <sys/types.h>
| #include <signal.h>
| 
| int
| main ()
| {
| return *(signal (0, 0)) (0) == 1;
|   ;
|   return 0;
| }
configure:4238: result: void
configure:4246: checking for uid_t in sys/types.h
configure:4265: result: yes
configure:4276: checking type of array argument to getgroups
configure:4310: gcc -o conftest -g -O2   conftest.c  >&5
configure:4310: $? = 0
configure:4310: ./conftest
configure:4310: $? = 0
configure:4335: result: gid_t
configure:4345: checking for va_copy
configure:4363: gcc -o conftest -g -O2   conftest.c  >&5
configure:4363: $? = 0
configure:4371: result: yes
configure:4413: checking for vsnprintf
configure:4413: gcc -o conftest -g -O2   conftest.c  >&5
conftest.c:84:6: warning: conflicting types for built-in function 'vsnprintf' [enabled by default]
 char vsnprintf ();
      ^
configure:4413: $? = 0
configure:4413: result: yes
configure:4420: checking for snprintf
configure:4420: gcc -o conftest -g -O2   conftest.c  >&5
conftest.c:84:6: warning: conflicting types for built-in function 'snprintf' [enabled by default]
 char snprintf ();
      ^
configure:4420: $? = 0
configure:4420: result: yes
configure:4427: checking for asprintf
configure:4427: gcc -o conftest -g -O2   conftest.c  >&5
configure:4427: $? = 0
configure:4427: result: yes
configure:4434: checking for vasprintf
configure:4434: gcc -o conftest -g -O2   conftest.c  >&5
configure:4434: $? = 0
configure:4434: result: yes
configure:4443: checking for sigaction
configure:4443: gcc -o conftest -g -O2   conftest.c  >&5
configure:4443: $? = 0
configure:4443: result: yes
configure:4453: checking for C99 vsnprintf
configure:4489: gcc -o conftest -g -O2   conftest.c  >&5
conftest.c: In function 'foo':
conftest.c:73:22: warning: incompatible implicit declaration of built-in function 'exit' [enabled by default]
        if (len != 5) exit(1);
                      ^
conftest.c:80:12: warning: incompatible implicit declaration of built-in function 'snprintf' [enabled by default]
        if (snprintf(buf, 3, "hello") != 5 || strcmp(buf, "he") != 0) exit(1);
            ^
configure:4489: $? = 0
configure:4489: ./conftest
configure:4489: $? = 0
configure:4499: result: yes
configure:4510: checking for library containing getservbyname
configure:4541: gcc -o conftest -g -O2   conftest.c  >&5
configure:4541: $? = 0
configure:4558: result: none required
configure:4568: checking for library containing connect
configure:4599: gcc -o conftest -g -O2   conftest.c  >&5
configure:4599: $? = 0
configure:4616: result: none required
configure:4630: checking for initgroups
configure:4630: gcc -o conftest -g -O2   conftest.c  >&5
configure:4630: $? = 0
configure:4630: result: yes
configure:4630: checking for setenv
configure:4630: gcc -o conftest -g -O2   conftest.c  >&5
configure:4630: $? = 0
configure:4630: result: yes
configure:4630: checking for strdup
configure:4630: gcc -o conftest -g -O2   conftest.c  >&5
conftest.c:88:6: warning: conflicting types for built-in function 'strdup' [enabled by default]
 char strdup ();
      ^
configure:4630: $? = 0
configure:4630: result: yes
configure:4630: checking for strstr
configure:4630: gcc -o conftest -g -O2   conftest.c  >&5
conftest.c:89:6: warning: conflicting types for built-in function 'strstr' [enabled by default]
 char strstr ();
      ^
configure:4630: $? = 0
configure:4630: result: yes
configure:4630: checking for strtoul
configure:4630: gcc -o conftest -g -O2   conftest.c  >&5
configure:4630: $? = 0
configure:4630: result: yes
configure:4630: checking for unsetenv
configure:4630: gcc -o conftest -g -O2   conftest.c  >&5
configure:4630: $? = 0
configure:4630: result: yes
configure:4640: checking for type of socket size
configure:4656: gcc -c -g -O2  conftest.c >&5
configure:4656: $? = 0
configure:4659: result: size_t
configure:4670: checking for library containing nanosleep
configure:4701: gcc -o conftest -g -O2   conftest.c  >&5
configure:4701: $? = 0
configure:4718: result: none required
configure:4816: checking for mail
configure:4834: found /usr/bin/mail
configure:4846: result: /usr/bin/mail
configure:4960: checking for glibc at least version 2.4
configure:4976: gcc -E  conftest.c
configure:4976: $? = 0
configure:4977: result: yes
configure:4986: checking sys/epoll.h usability
configure:4986: gcc -c -g -O2  conftest.c >&5
configure:4986: $? = 0
configure:4986: result: yes
configure:4986: checking sys/epoll.h presence
configure:4986: gcc -E  conftest.c
configure:4986: $? = 0
configure:4986: result: yes
configure:4986: checking for sys/epoll.h
configure:4986: result: yes
configure:4995: checking sys/select.h usability
configure:4995: gcc -c -g -O2  conftest.c >&5
configure:4995: $? = 0
configure:4995: result: yes
configure:4995: checking sys/select.h presence
configure:4995: gcc -E  conftest.c
configure:4995: $? = 0
configure:4995: result: yes
configure:4995: checking for sys/select.h
configure:4995: result: yes
configure:5130: checking for main in -liconv
configure:5149: gcc -o conftest -g -O2   conftest.c -liconv   >&5
/usr/bin/ld: cannot find -liconv
collect2: error: ld returned 1 exit status
configure:5149: $? = 1
configure: failed program was:
| /* confdefs.h */
| #define PACKAGE_NAME ""
| #define PACKAGE_TARNAME ""
| #define PACKAGE_VERSION ""
| #define PACKAGE_STRING ""
| #define PACKAGE_BUGREPORT ""
| #define PACKAGE_URL ""
| #define STDC_HEADERS 1
| #define TIME_WITH_SYS_TIME 1
| #define HAVE_SYS_WAIT_H 1
| #define HAVE_SYS_TYPES_H 1
| #define HAVE_SYS_STAT_H 1
| #define HAVE_STDLIB_H 1
| #define HAVE_STRING_H 1
| #define HAVE_MEMORY_H 1
| #define HAVE_STRINGS_H 1
| #define HAVE_INTTYPES_H 1
| #define HAVE_STDINT_H 1
| #define HAVE_UNISTD_H 1
| #define HAVE_ARPA_INET_H 1
| #define HAVE_CTYPE_H 1
| #define HAVE_DIRENT_H 1
| #define HAVE_ERRNO_H 1
| #define HAVE_FCNTL_H 1
| #define HAVE_GETOPT_H 1
| #define HAVE_GRP_H 1
| #define HAVE_LIBGEN_H 1
| #define HAVE_LIMITS_H 1
| #define HAVE_MATH_H 1
| #define HAVE_NETDB_H 1
| #define HAVE_NETINET_IN_H 1
| #define HAVE_PWD_H 1
| #define HAVE_REGEX_H 1
| #define HAVE_SIGNAL_H 1
| #define HAVE_STDARG_H 1
| #define HAVE_STRING_H 1
| #define HAVE_STRINGS_H 1
| #define HAVE_SYS_MMAN_H 1
| #define HAVE_SYS_TYPES_H 1
| #define HAVE_SYS_TIME_H 1
| #define HAVE_SYS_RESOURCE_H 1
| #define HAVE_SYS_WAIT_H 1
| #define HAVE_SYS_SOCKET_H 1
| #define HAVE_SYS_STAT_H 1
| #define HAVE_SYS_TIMEB_H 1
| #define HAVE_SYS_UN_H 1
| #define HAVE_SYS_IPC_H 1
| #define HAVE_SYS_MSG_H 1
| #define HAVE_SYS_POLL_H 1
| #define HAVE_SYSLOG_H 1
| #define HAVE_UNISTD_H 1
| #define HAVE_LOCALE_H 1
| #define HAVE_WCHAR_H 1
| #define HAVE_SYS_PRCTL_H 1
| #define HAVE_STRUCT_TM_TM_ZONE 1
| #define HAVE_TM_ZONE 1
| #define RETSIGTYPE void
| #define GETGROUPS_T gid_t
| #define HAVE_VA_COPY 1
| #define HAVE_SIGACTION 1
| #define HAVE_C99_VSNPRINTF 1
| #define HAVE_INITGROUPS 1
| #define HAVE_SETENV 1
| #define HAVE_STRDUP 1
| #define HAVE_STRSTR 1
| #define HAVE_STRTOUL 1
| #define HAVE_UNSETENV 1
| #define SOCKET_SIZE_TYPE size_t
| #define DEFAULT_NAGIOS_USER "nagios"
| #define DEFAULT_NAGIOS_GROUP "nagios"
| #define IOBROKER_USES_EPOLL 1
| #define USE_STATUSWRL /**/
| /* end confdefs.h.  */
| 
| 
| int
| main ()
| {
| return main ();
|   ;
|   return 0;
| }
configure:5158: result: no
configure:5166: checking for gdImagePng in -lgd (order 1)
configure:5189: gcc -o conftest -g -O2   conftest.c -lgd -lttf -lpng -ljpeg -lz -lm  >&5
/usr/bin/ld: cannot find -lttf
collect2: error: ld returned 1 exit status
configure:5189: $? = 1
configure: failed program was:
| /* confdefs.h */
| #define PACKAGE_NAME ""
| #define PACKAGE_TARNAME ""
| #define PACKAGE_VERSION ""
| #define PACKAGE_STRING ""
| #define PACKAGE_BUGREPORT ""
| #define PACKAGE_URL ""
| #define STDC_HEADERS 1
| #define TIME_WITH_SYS_TIME 1
| #define HAVE_SYS_WAIT_H 1
| #define HAVE_SYS_TYPES_H 1
| #define HAVE_SYS_STAT_H 1
| #define HAVE_STDLIB_H 1
| #define HAVE_STRING_H 1
| #define HAVE_MEMORY_H 1
| #define HAVE_STRINGS_H 1
| #define HAVE_INTTYPES_H 1
| #define HAVE_STDINT_H 1
| #define HAVE_UNISTD_H 1
| #define HAVE_ARPA_INET_H 1
| #define HAVE_CTYPE_H 1
| #define HAVE_DIRENT_H 1
| #define HAVE_ERRNO_H 1
| #define HAVE_FCNTL_H 1
| #define HAVE_GETOPT_H 1
| #define HAVE_GRP_H 1
| #define HAVE_LIBGEN_H 1
| #define HAVE_LIMITS_H 1
| #define HAVE_MATH_H 1
| #define HAVE_NETDB_H 1
| #define HAVE_NETINET_IN_H 1
| #define HAVE_PWD_H 1
| #define HAVE_REGEX_H 1
| #define HAVE_SIGNAL_H 1
| #define HAVE_STDARG_H 1
| #define HAVE_STRING_H 1
| #define HAVE_STRINGS_H 1
| #define HAVE_SYS_MMAN_H 1
| #define HAVE_SYS_TYPES_H 1
| #define HAVE_SYS_TIME_H 1
| #define HAVE_SYS_RESOURCE_H 1
| #define HAVE_SYS_WAIT_H 1
| #define HAVE_SYS_SOCKET_H 1
| #define HAVE_SYS_STAT_H 1
| #define HAVE_SYS_TIMEB_H 1
| #define HAVE_SYS_UN_H 1
| #define HAVE_SYS_IPC_H 1
| #define HAVE_SYS_MSG_H 1
| #define HAVE_SYS_POLL_H 1
| #define HAVE_SYSLOG_H 1
| #define HAVE_UNISTD_H 1
| #define HAVE_LOCALE_H 1
| #define HAVE_WCHAR_H 1
| #define HAVE_SYS_PRCTL_H 1
| #define HAVE_STRUCT_TM_TM_ZONE 1
| #define HAVE_TM_ZONE 1
| #define RETSIGTYPE void
| #define GETGROUPS_T gid_t
| #define HAVE_VA_COPY 1
| #define HAVE_SIGACTION 1
| #define HAVE_C99_VSNPRINTF 1
| #define HAVE_INITGROUPS 1
| #define HAVE_SETENV 1
| #define HAVE_STRDUP 1
| #define HAVE_STRSTR 1
| #define HAVE_STRTOUL 1
| #define HAVE_UNSETENV 1
| #define SOCKET_SIZE_TYPE size_t
| #define DEFAULT_NAGIOS_USER "nagios"
| #define DEFAULT_NAGIOS_GROUP "nagios"
| #define IOBROKER_USES_EPOLL 1
| #define USE_STATUSWRL /**/
| /* end confdefs.h.  */
| 	/* Override any gcc2 internal prototype to avoid an error.  */
| /* We use char because int might match the return type of a gcc2
|     builtin and then its argument prototype would still apply.  */
| char gdImagePng();
| 
| int
| main ()
| {
| gdImagePng()
|   ;
|   return 0;
| }
configure:5207: result: no
configure:5214: checking for gdImagePng in -lgd (order 2)
configure:5237: gcc -o conftest -g -O2   conftest.c -lgd  -lpng -ljpeg -lz -lm  >&5
configure:5237: $? = 0
configure:5248: result: yes
configure:5403: checking for gdImageCreateTrueColor in -lgd
configure:5428: gcc -o conftest -g -O2   conftest.c -lgd   >&5
configure:5428: $? = 0
configure:5437: result: yes
configure:5516: checking ltdl.h usability
configure:5516: gcc -c -g -O2  conftest.c >&5
conftest.c:112:18: fatal error: ltdl.h: No such file or directory
 #include <ltdl.h>
                  ^
compilation terminated.
configure:5516: $? = 1
configure: failed program was:
| /* confdefs.h */
| #define PACKAGE_NAME ""
| #define PACKAGE_TARNAME ""
| #define PACKAGE_VERSION ""
| #define PACKAGE_STRING ""
| #define PACKAGE_BUGREPORT ""
| #define PACKAGE_URL ""
| #define STDC_HEADERS 1
| #define TIME_WITH_SYS_TIME 1
| #define HAVE_SYS_WAIT_H 1
| #define HAVE_SYS_TYPES_H 1
| #define HAVE_SYS_STAT_H 1
| #define HAVE_STDLIB_H 1
| #define HAVE_STRING_H 1
| #define HAVE_MEMORY_H 1
| #define HAVE_STRINGS_H 1
| #define HAVE_INTTYPES_H 1
| #define HAVE_STDINT_H 1
| #define HAVE_UNISTD_H 1
| #define HAVE_ARPA_INET_H 1
| #define HAVE_CTYPE_H 1
| #define HAVE_DIRENT_H 1
| #define HAVE_ERRNO_H 1
| #define HAVE_FCNTL_H 1
| #define HAVE_GETOPT_H 1
| #define HAVE_GRP_H 1
| #define HAVE_LIBGEN_H 1
| #define HAVE_LIMITS_H 1
| #define HAVE_MATH_H 1
| #define HAVE_NETDB_H 1
| #define HAVE_NETINET_IN_H 1
| #define HAVE_PWD_H 1
| #define HAVE_REGEX_H 1
| #define HAVE_SIGNAL_H 1
| #define HAVE_STDARG_H 1
| #define HAVE_STRING_H 1
| #define HAVE_STRINGS_H 1
| #define HAVE_SYS_MMAN_H 1
| #define HAVE_SYS_TYPES_H 1
| #define HAVE_SYS_TIME_H 1
| #define HAVE_SYS_RESOURCE_H 1
| #define HAVE_SYS_WAIT_H 1
| #define HAVE_SYS_SOCKET_H 1
| #define HAVE_SYS_STAT_H 1
| #define HAVE_SYS_TIMEB_H 1
| #define HAVE_SYS_UN_H 1
| #define HAVE_SYS_IPC_H 1
| #define HAVE_SYS_MSG_H 1
| #define HAVE_SYS_POLL_H 1
| #define HAVE_SYSLOG_H 1
| #define HAVE_UNISTD_H 1
| #define HAVE_LOCALE_H 1
| #define HAVE_WCHAR_H 1
| #define HAVE_SYS_PRCTL_H 1
| #define HAVE_STRUCT_TM_TM_ZONE 1
| #define HAVE_TM_ZONE 1
| #define RETSIGTYPE void
| #define GETGROUPS_T gid_t
| #define HAVE_VA_COPY 1
| #define HAVE_SIGACTION 1
| #define HAVE_C99_VSNPRINTF 1
| #define HAVE_INITGROUPS 1
| #define HAVE_SETENV 1
| #define HAVE_STRDUP 1
| #define HAVE_STRSTR 1
| #define HAVE_STRTOUL 1
| #define HAVE_UNSETENV 1
| #define SOCKET_SIZE_TYPE size_t
| #define DEFAULT_NAGIOS_USER "nagios"
| #define DEFAULT_NAGIOS_GROUP "nagios"
| #define IOBROKER_USES_EPOLL 1
| #define USE_STATUSWRL /**/
| #define USE_STATUSMAP /**/
| #define HAVE_GDIMAGECREATETRUECOLOR 1
| #define USE_TRENDS /**/
| #define USE_HISTOGRAM /**/
| #define USE_NANOSLEEP /**/
| /* end confdefs.h.  */
| #include <stdio.h>
| #ifdef HAVE_SYS_TYPES_H
| # include <sys/types.h>
| #endif
| #ifdef HAVE_SYS_STAT_H
| # include <sys/stat.h>
| #endif
| #ifdef STDC_HEADERS
| # include <stdlib.h>
| # include <stddef.h>
| #else
| # ifdef HAVE_STDLIB_H
| #  include <stdlib.h>
| # endif
| #endif
| #ifdef HAVE_STRING_H
| # if !defined STDC_HEADERS && defined HAVE_MEMORY_H
| #  include <memory.h>
| # endif
| # include <string.h>
| #endif
| #ifdef HAVE_STRINGS_H
| # include <strings.h>
| #endif
| #ifdef HAVE_INTTYPES_H
| # include <inttypes.h>
| #endif
| #ifdef HAVE_STDINT_H
| # include <stdint.h>
| #endif
| #ifdef HAVE_UNISTD_H
| # include <unistd.h>
| #endif
| #include <ltdl.h>
configure:5516: result: no
configure:5516: checking ltdl.h presence
configure:5516: gcc -E  conftest.c
conftest.c:79:18: fatal error: ltdl.h: No such file or directory
 #include <ltdl.h>
                  ^
compilation terminated.
configure:5516: $? = 1
configure: failed program was:
| /* confdefs.h */
| #define PACKAGE_NAME ""
| #define PACKAGE_TARNAME ""
| #define PACKAGE_VERSION ""
| #define PACKAGE_STRING ""
| #define PACKAGE_BUGREPORT ""
| #define PACKAGE_URL ""
| #define STDC_HEADERS 1
| #define TIME_WITH_SYS_TIME 1
| #define HAVE_SYS_WAIT_H 1
| #define HAVE_SYS_TYPES_H 1
| #define HAVE_SYS_STAT_H 1
| #define HAVE_STDLIB_H 1
| #define HAVE_STRING_H 1
| #define HAVE_MEMORY_H 1
| #define HAVE_STRINGS_H 1
| #define HAVE_INTTYPES_H 1
| #define HAVE_STDINT_H 1
| #define HAVE_UNISTD_H 1
| #define HAVE_ARPA_INET_H 1
| #define HAVE_CTYPE_H 1
| #define HAVE_DIRENT_H 1
| #define HAVE_ERRNO_H 1
| #define HAVE_FCNTL_H 1
| #define HAVE_GETOPT_H 1
| #define HAVE_GRP_H 1
| #define HAVE_LIBGEN_H 1
| #define HAVE_LIMITS_H 1
| #define HAVE_MATH_H 1
| #define HAVE_NETDB_H 1
| #define HAVE_NETINET_IN_H 1
| #define HAVE_PWD_H 1
| #define HAVE_REGEX_H 1
| #define HAVE_SIGNAL_H 1
| #define HAVE_STDARG_H 1
| #define HAVE_STRING_H 1
| #define HAVE_STRINGS_H 1
| #define HAVE_SYS_MMAN_H 1
| #define HAVE_SYS_TYPES_H 1
| #define HAVE_SYS_TIME_H 1
| #define HAVE_SYS_RESOURCE_H 1
| #define HAVE_SYS_WAIT_H 1
| #define HAVE_SYS_SOCKET_H 1
| #define HAVE_SYS_STAT_H 1
| #define HAVE_SYS_TIMEB_H 1
| #define HAVE_SYS_UN_H 1
| #define HAVE_SYS_IPC_H 1
| #define HAVE_SYS_MSG_H 1
| #define HAVE_SYS_POLL_H 1
| #define HAVE_SYSLOG_H 1
| #define HAVE_UNISTD_H 1
| #define HAVE_LOCALE_H 1
| #define HAVE_WCHAR_H 1
| #define HAVE_SYS_PRCTL_H 1
| #define HAVE_STRUCT_TM_TM_ZONE 1
| #define HAVE_TM_ZONE 1
| #define RETSIGTYPE void
| #define GETGROUPS_T gid_t
| #define HAVE_VA_COPY 1
| #define HAVE_SIGACTION 1
| #define HAVE_C99_VSNPRINTF 1
| #define HAVE_INITGROUPS 1
| #define HAVE_SETENV 1
| #define HAVE_STRDUP 1
| #define HAVE_STRSTR 1
| #define HAVE_STRTOUL 1
| #define HAVE_UNSETENV 1
| #define SOCKET_SIZE_TYPE size_t
| #define DEFAULT_NAGIOS_USER "nagios"
| #define DEFAULT_NAGIOS_GROUP "nagios"
| #define IOBROKER_USES_EPOLL 1
| #define USE_STATUSWRL /**/
| #define USE_STATUSMAP /**/
| #define HAVE_GDIMAGECREATETRUECOLOR 1
| #define USE_TRENDS /**/
| #define USE_HISTOGRAM /**/
| #define USE_NANOSLEEP /**/
| /* end confdefs.h.  */
| #include <ltdl.h>
configure:5516: result: no
configure:5516: checking for ltdl.h
configure:5516: result: no
configure:5570: checking dlfcn.h usability
configure:5570: gcc -c -g -O2  conftest.c >&5
configure:5570: $? = 0
configure:5570: result: yes
configure:5570: checking dlfcn.h presence
configure:5570: gcc -E  conftest.c
configure:5570: $? = 0
configure:5570: result: yes
configure:5570: checking for dlfcn.h
configure:5570: result: yes
configure:5573: checking for dlopen in -ldl
configure:5598: gcc -o conftest -g -O2   conftest.c -ldl   >&5
configure:5598: $? = 0
configure:5607: result: yes
configure:5635: checking for extra flags needed to export symbols
configure:5658: gcc -o conftest -g -O2  -Wl,-export-dynamic conftest.c  >&5
configure:5658: $? = 0
configure:5690: result:  -Wl,-export-dynamic
configure:5694: checking for linker flags for loadable modules
configure:5729: result: -shared
configure:5772: checking for traceroute
configure:5790: found /usr/bin/traceroute
configure:5802: result: /usr/bin/traceroute
configure:5823: checking for type va_list
configure:5844: gcc -c -g -O2  conftest.c >&5
configure:5844: $? = 0
configure:5845: result: yes
configure:5895: checking for perl
configure:5913: found /usr/bin/perl
configure:5925: result: /usr/bin/perl
configure:5939: checking for unzip
configure:5957: found /usr/bin/unzip
configure:5969: result: /usr/bin/unzip
configure:6013: creating ./config.status

## ---------------------- ##
## Running config.status. ##
## ---------------------- ##

This file was extended by config.status, which was
generated by GNU Autoconf 2.69.  Invocation command line was

  CONFIG_FILES    = 
  CONFIG_HEADERS  = 
  CONFIG_LINKS    = 
  CONFIG_COMMANDS = 
  $ ./config.status 

on chef.workstation.com

config.status:936: creating html/index.php
config.status:936: creating Makefile
config.status:936: creating lib/Makefile
config.status:936: creating subst
config.status:936: creating pkginfo
config.status:936: creating base/Makefile
config.status:936: creating common/Makefile
config.status:936: creating contrib/Makefile
config.status:936: creating cgi/Makefile
config.status:936: creating html/Makefile
config.status:936: creating module/Makefile
config.status:936: creating worker/Makefile
config.status:936: creating worker/ping/Makefile
config.status:936: creating xdata/Makefile
config.status:936: creating daemon-init
config.status:936: creating t/Makefile
config.status:936: creating t-tap/Makefile
config.status:936: creating include/config.h
config.status:936: creating lib/snprintf.h
config.status:936: creating lib/iobroker.h
configure:7370: result: *** Configuration summary for nagios 4.3.2 2017-05-09 ***:
configure:7377: result:         Nagios executable:  nagios
configure:7379: result:         Nagios user/group:  nagios,nagios
configure:7381: result:        Command user/group:  nagios,nagcmd
configure:7384: result:              Event Broker:  yes
configure:7390: result:         Install ${prefix}:  /usr/local/nagios
configure:7396: result:     Install ${includedir}:  /usr/local/nagios/include/nagios
configure:7398: result:                 Lock file:  ${prefix}/var/nagios.lock
configure:7400: result:    Check result directory:  ${prefix}/var/spool/checkresults
configure:7402: result:            Init directory:  /etc/rc.d/init.d
configure:7404: result:   Apache conf.d directory:  /etc/httpd/conf.d
configure:7406: result:              Mail program:  /usr/bin/mail
configure:7408: result:                   Host OS:  linux-gnu
configure:7410: result:           IOBroker Method:  epoll
configure:7417: result:                  HTML URL:  http://localhost/nagios/
configure:7419: result:                   CGI URL:  http://localhost/nagios/cgi-bin/
configure:7421: result:  Traceroute (used by WAP):  /usr/bin/traceroute

## ---------------- ##
## Cache variables. ##
## ---------------- ##

ac_cv_HAVE_C99_VSNPRINTF=yes
ac_cv_HAVE_VA_COPY=yes
ac_cv_build=x86_64-pc-linux-gnu
ac_cv_c_compiler_gnu=yes
ac_cv_c_const=yes
ac_cv_env_CC_set=
ac_cv_env_CC_value=
ac_cv_env_CFLAGS_set=
ac_cv_env_CFLAGS_value=
ac_cv_env_CPPFLAGS_set=
ac_cv_env_CPPFLAGS_value=
ac_cv_env_CPP_set=
ac_cv_env_CPP_value=
ac_cv_env_LDFLAGS_set=
ac_cv_env_LDFLAGS_value=
ac_cv_env_LIBS_set=
ac_cv_env_LIBS_value=
ac_cv_env_build_alias_set=
ac_cv_env_build_alias_value=
ac_cv_env_host_alias_set=
ac_cv_env_host_alias_value=
ac_cv_env_target_alias_set=
ac_cv_env_target_alias_value=
ac_cv_func_asprintf=yes
ac_cv_func_initgroups=yes
ac_cv_func_setenv=yes
ac_cv_func_sigaction=yes
ac_cv_func_snprintf=yes
ac_cv_func_strdup=yes
ac_cv_func_strstr=yes
ac_cv_func_strtoul=yes
ac_cv_func_unsetenv=yes
ac_cv_func_vasprintf=yes
ac_cv_func_vsnprintf=yes
ac_cv_header_arpa_inet_h=yes
ac_cv_header_ctype_h=yes
ac_cv_header_dirent_h=yes
ac_cv_header_dlfcn_h=yes
ac_cv_header_errno_h=yes
ac_cv_header_fcntl_h=yes
ac_cv_header_getopt_h=yes
ac_cv_header_grp_h=yes
ac_cv_header_inttypes_h=yes
ac_cv_header_libgen_h=yes
ac_cv_header_limits_h=yes
ac_cv_header_locale_h=yes
ac_cv_header_ltdl_h=no
ac_cv_header_math_h=yes
ac_cv_header_memory_h=yes
ac_cv_header_netdb_h=yes
ac_cv_header_netinet_in_h=yes
ac_cv_header_pwd_h=yes
ac_cv_header_regex_h=yes
ac_cv_header_signal_h=yes
ac_cv_header_socket_h=no
ac_cv_header_stdarg_h=yes
ac_cv_header_stdc=yes
ac_cv_header_stdint_h=yes
ac_cv_header_stdlib_h=yes
ac_cv_header_string_h=yes
ac_cv_header_strings_h=yes
ac_cv_header_sys_epoll_h=yes
ac_cv_header_sys_ipc_h=yes
ac_cv_header_sys_loadavg_h=no
ac_cv_header_sys_mman_h=yes
ac_cv_header_sys_msg_h=yes
ac_cv_header_sys_poll_h=yes
ac_cv_header_sys_prctl_h=yes
ac_cv_header_sys_resource_h=yes
ac_cv_header_sys_select_h=yes
ac_cv_header_sys_socket_h=yes
ac_cv_header_sys_stat_h=yes
ac_cv_header_sys_time_h=yes
ac_cv_header_sys_timeb_h=yes
ac_cv_header_sys_types_h=yes
ac_cv_header_sys_un_h=yes
ac_cv_header_sys_wait_h=yes
ac_cv_header_syslog_h=yes
ac_cv_header_time=yes
ac_cv_header_uio_h=no
ac_cv_header_unistd_h=yes
ac_cv_header_wchar_h=yes
ac_cv_host=x86_64-pc-linux-gnu
ac_cv_lib_dl_dlopen=yes
ac_cv_lib_gd_gdImageCreateTrueColor=yes
ac_cv_lib_gd_gdImagePng_1=no
ac_cv_lib_gd_gdImagePng_2=yes
ac_cv_lib_iconv_main=no
ac_cv_member_struct_tm_tm_zone=yes
ac_cv_objext=o
ac_cv_path_EGREP='/usr/bin/grep -E'
ac_cv_path_GREP=/usr/bin/grep
ac_cv_path_MAIL_PROG=/usr/bin/mail
ac_cv_path_PATH_TO_TRACEROUTE=/usr/bin/traceroute
ac_cv_path_PERL=/usr/bin/perl
ac_cv_path_STRIP=/usr/bin/strip
ac_cv_path_UNZIP=/usr/bin/unzip
ac_cv_path_install='/usr/bin/install -c'
ac_cv_prog_CPP='gcc -E'
ac_cv_prog_ac_ct_CC=gcc
ac_cv_prog_cc_c89=
ac_cv_prog_cc_g=yes
ac_cv_prog_make_make_set=yes
ac_cv_search_connect='none required'
ac_cv_search_getservbyname='none required'
ac_cv_search_nanosleep='none required'
ac_cv_struct_tm=time.h
ac_cv_type_getgroups=gid_t
ac_cv_type_mode_t=yes
ac_cv_type_pid_t=yes
ac_cv_type_signal=void
ac_cv_type_size_t=yes
ac_cv_type_uid_t=yes

## ----------------- ##
## Output variables. ##
## ----------------- ##

BASEEXTRALIBS=''
BROKERLIBS=' -ldl'
BROKER_H='../include/broker.h ../include/nebmods.h ../include/nebmodules.h ../include/nebcallbacks.h ../include/neberrors.h'
BROKER_LDFLAGS=' -Wl,-export-dynamic'
BROKER_O='broker.o nebmods.o'
CC='gcc'
CFLAGS='-g -O2'
CGIEXTRAS=' statuswrl.cgi statusmap.cgi trends.cgi histogram.cgi'
CHECKRESULTDIR='${prefix}/var/spool/checkresults'
COMMAND_OPTS='-o nagios -g nagcmd'
COREWINDOW='no'
CPP='gcc -E'
CPPFLAGS=''
DEFS='-DHAVE_CONFIG_H'
ECHO_C=''
ECHO_N='-n'
ECHO_T=''
EGREP='/usr/bin/grep -E'
EXEEXT=''
GDLIBS='-lgd  -lpng -ljpeg -lz -lm'
GREP='/usr/bin/grep'
HTTPD_CONF='/etc/httpd/conf.d'
INITDIR=''
INIT_OPTS='-o root -g root'
INSTALL='/usr/bin/install -c'
INSTALL_DATA='${INSTALL} -m 644'
INSTALL_OPTS='-o nagios -g nagios'
INSTALL_PROGRAM='${INSTALL}'
INSTALL_SCRIPT='${INSTALL}'
LDFLAGS=''
LIBOBJS=''
LIBS=''
LN_HTTPD_SITES_ENABLED='0'
LN_S='ln -s'
LTLIBOBJS=''
MAIL_PROG='/usr/bin/mail'
MOD_CFLAGS='-fPIC'
MOD_LDFLAGS='-shared'
OBJEXT='o'
PACKAGE_BUGREPORT=''
PACKAGE_NAME=''
PACKAGE_STRING=''
PACKAGE_TARNAME=''
PACKAGE_URL=''
PACKAGE_VERSION=''
PACKDIR='/root/chef-repo/cookbooks/nagios/pkg'
PATH_SEPARATOR=':'
PATH_TO_TRACEROUTE='/usr/bin/traceroute'
PERL='/usr/bin/perl'
SET_MAKE=''
SHELL='/bin/sh'
SNPRINTF_O=''
SOCKETLIBS=''
STRIP='/usr/bin/strip'
TMPDIR='/tmp'
UNZIP='/usr/bin/unzip'
USE_EVENTBROKER='yes'
USE_LIBTAP='no'
VERSION='4.3.2'
WORKER_CFLAGS='-I ../../include -I ../..'
WORKER_LDFLAGS='-L ../../lib -l nagios'
ac_ct_CC='gcc'
bindir='${exec_prefix}/bin'
build='x86_64-pc-linux-gnu'
build_alias=''
build_cpu='x86_64'
build_os='linux-gnu'
build_vendor='pc'
cgiurl='/nagios/cgi-bin'
command_grp='nagcmd'
command_user='nagios'
datadir='${datarootdir}'
datarootdir='${prefix}/share'
docdir='${datarootdir}/doc/${PACKAGE}'
dvidir='${docdir}'
exec_prefix='${prefix}'
host='x86_64-pc-linux-gnu'
host_alias=''
host_cpu='x86_64'
host_os='linux-gnu'
host_vendor='pc'
htmldir='${docdir}'
htmurl='/nagios'
includedir='/usr/local/nagios/include/nagios'
infodir='${datarootdir}/info'
init_dir='/etc/rc.d/init.d'
libdir='${exec_prefix}/lib'
libexecdir='${exec_prefix}/libexec'
localedir='${datarootdir}/locale'
localstatedir='${prefix}/var'
lockfile='${prefix}/var/nagios.lock'
mandir='${datarootdir}/man'
nagios_grp='nagios'
nagios_name='nagios'
nagios_user='nagios'
nagiostats_name='nagiostats'
oldincludedir='/usr/include'
pdfdir='${docdir}'
prefix='/usr/local/nagios'
program_transform_name='s,x,x,'
psdir='${docdir}'
root_grp='root'
sbindir='${exec_prefix}/sbin'
sharedstatedir='${prefix}/com'
subdirs=''
sysconfdir='${prefix}/etc'
target_alias=''

## ----------- ##
## confdefs.h. ##
## ----------- ##

/* confdefs.h */
#define PACKAGE_NAME ""
#define PACKAGE_TARNAME ""
#define PACKAGE_VERSION ""
#define PACKAGE_STRING ""
#define PACKAGE_BUGREPORT ""
#define PACKAGE_URL ""
#define STDC_HEADERS 1
#define TIME_WITH_SYS_TIME 1
#define HAVE_SYS_WAIT_H 1
#define HAVE_SYS_TYPES_H 1
#define HAVE_SYS_STAT_H 1
#define HAVE_STDLIB_H 1
#define HAVE_STRING_H 1
#define HAVE_MEMORY_H 1
#define HAVE_STRINGS_H 1
#define HAVE_INTTYPES_H 1
#define HAVE_STDINT_H 1
#define HAVE_UNISTD_H 1
#define HAVE_ARPA_INET_H 1
#define HAVE_CTYPE_H 1
#define HAVE_DIRENT_H 1
#define HAVE_ERRNO_H 1
#define HAVE_FCNTL_H 1
#define HAVE_GETOPT_H 1
#define HAVE_GRP_H 1
#define HAVE_LIBGEN_H 1
#define HAVE_LIMITS_H 1
#define HAVE_MATH_H 1
#define HAVE_NETDB_H 1
#define HAVE_NETINET_IN_H 1
#define HAVE_PWD_H 1
#define HAVE_REGEX_H 1
#define HAVE_SIGNAL_H 1
#define HAVE_STDARG_H 1
#define HAVE_STRING_H 1
#define HAVE_STRINGS_H 1
#define HAVE_SYS_MMAN_H 1
#define HAVE_SYS_TYPES_H 1
#define HAVE_SYS_TIME_H 1
#define HAVE_SYS_RESOURCE_H 1
#define HAVE_SYS_WAIT_H 1
#define HAVE_SYS_SOCKET_H 1
#define HAVE_SYS_STAT_H 1
#define HAVE_SYS_TIMEB_H 1
#define HAVE_SYS_UN_H 1
#define HAVE_SYS_IPC_H 1
#define HAVE_SYS_MSG_H 1
#define HAVE_SYS_POLL_H 1
#define HAVE_SYSLOG_H 1
#define HAVE_UNISTD_H 1
#define HAVE_LOCALE_H 1
#define HAVE_WCHAR_H 1
#define HAVE_SYS_PRCTL_H 1
#define HAVE_STRUCT_TM_TM_ZONE 1
#define HAVE_TM_ZONE 1
#define RETSIGTYPE void
#define GETGROUPS_T gid_t
#define HAVE_VA_COPY 1
#define HAVE_SIGACTION 1
#define HAVE_C99_VSNPRINTF 1
#define HAVE_INITGROUPS 1
#define HAVE_SETENV 1
#define HAVE_STRDUP 1
#define HAVE_STRSTR 1
#define HAVE_STRTOUL 1
#define HAVE_UNSETENV 1
#define SOCKET_SIZE_TYPE size_t
#define DEFAULT_NAGIOS_USER "nagios"
#define DEFAULT_NAGIOS_GROUP "nagios"
#define IOBROKER_USES_EPOLL 1
#define USE_STATUSWRL /**/
#define USE_STATUSMAP /**/
#define HAVE_GDIMAGECREATETRUECOLOR 1
#define USE_TRENDS /**/
#define USE_HISTOGRAM /**/
#define USE_NANOSLEEP /**/
#define HAVE_DLFCN_H /**/
#define USE_EVENT_BROKER /**/
#define TRACEROUTE_COMMAND "/usr/bin/traceroute"

configure: exit 0
